\BOOKMARK [0][-]{chapter.1}{基本操作}{}% 1
\BOOKMARK [1][-]{section.1.1}{最初の一葉\(FirstLeaf\):文法とヘルプとプロット}{chapter.1}% 2
\BOOKMARK [2][-]{subsection.1.1.1}{入力領域と注意点\(ShiftEnter\)}{section.1.1}% 3
\BOOKMARK [2][-]{subsection.1.1.2}{命令コマンドの基本形\(command\(\);\)}{section.1.1}% 4
\BOOKMARK [2][-]{subsection.1.1.3}{ヘルプ\(?\)}{section.1.1}% 5
\BOOKMARK [1][-]{section.1.2}{初等関数とそのほかの関数\(Functions\)}{chapter.1}% 6
\BOOKMARK [2][-]{subsection.1.2.1}{初等関数\(ElementaryFunctions\)}{section.1.2}% 7
\BOOKMARK [2][-]{subsection.1.2.2}{ユーザー定義関数\(unapply\)}{section.1.2}% 8
\BOOKMARK [2][-]{subsection.1.2.3}{packageの呼び出し\(with\)}{section.1.2}% 9
\BOOKMARK [1][-]{section.1.3}{等号\(Equals\)}{chapter.1}% 10
\BOOKMARK [2][-]{subsection.1.3.1}{変数への代入:= \(colonequal\)}{section.1.3}% 11
\BOOKMARK [2][-]{subsection.1.3.2}{変数の初期化\(restart\)}{section.1.3}% 12
\BOOKMARK [2][-]{subsection.1.3.3}{方程式の解\(solve\)}{section.1.3}% 13
\BOOKMARK [2][-]{subsection.1.3.4}{恒等式\(Identity\)}{section.1.3}% 14
\BOOKMARK [0][-]{chapter.2}{Programming}{}% 15
\BOOKMARK [1][-]{section.2.1}{代入と出力\(Variables, printf\)}{chapter.2}% 16
\BOOKMARK [2][-]{subsection.2.1.1}{解説}{section.2.1}% 17
\BOOKMARK [2][-]{subsection.2.1.2}{値の変数への代入\(:=\)}{section.2.1}% 18
\BOOKMARK [2][-]{subsection.2.1.3}{整数と浮動小数点数}{section.2.1}% 19
\BOOKMARK [2][-]{subsection.2.1.4}{出力\(print, printf\)}{section.2.1}% 20
\BOOKMARK [1][-]{section.2.2}{ループ\(Loop\)}{chapter.2}% 21
\BOOKMARK [2][-]{subsection.2.2.1}{解説}{section.2.2}% 22
\BOOKMARK [2][-]{subsection.2.2.2}{for-loop}{section.2.2}% 23
\BOOKMARK [2][-]{subsection.2.2.3}{二重ループ}{section.2.2}% 24
\BOOKMARK [2][-]{subsection.2.2.4}{課題}{section.2.2}% 25
\BOOKMARK [2][-]{subsection.2.2.5}{解答例}{section.2.2}% 26
\BOOKMARK [1][-]{section.2.3}{配列\(List\)}{chapter.2}% 27
\BOOKMARK [2][-]{subsection.2.3.1}{解説}{section.2.3}% 28
\BOOKMARK [2][-]{subsection.2.3.2}{基本}{section.2.3}% 29
\BOOKMARK [2][-]{subsection.2.3.3}{for-loopの省略形}{section.2.3}% 30
\BOOKMARK [2][-]{subsection.2.3.4}{リストへの付け足し\(append, prepend\)}{section.2.3}% 31
\BOOKMARK [2][-]{subsection.2.3.5}{2つの要素の入れ替え}{section.2.3}% 32
\BOOKMARK [2][-]{subsection.2.3.6}{2次元配列\(listlist\)}{section.2.3}% 33
\BOOKMARK [2][-]{subsection.2.3.7}{listの表示\(listplot\)}{section.2.3}% 34
\BOOKMARK [2][-]{subsection.2.3.8}{課題}{section.2.3}% 35
\BOOKMARK [2][-]{subsection.2.3.9}{解答例}{section.2.3}% 36
\BOOKMARK [1][-]{section.2.4}{交通整理\(If\)}{chapter.2}% 37
\BOOKMARK [2][-]{subsection.2.4.1}{解説}{section.2.4}% 38
\BOOKMARK [2][-]{subsection.2.4.2}{if}{section.2.4}% 39
\BOOKMARK [2][-]{subsection.2.4.3}{nextとbreak}{section.2.4}% 40
\BOOKMARK [2][-]{subsection.2.4.4}{課題}{section.2.4}% 41
\BOOKMARK [2][-]{subsection.2.4.5}{解答例}{section.2.4}% 42
\BOOKMARK [1][-]{section.2.5}{手続き関数\(Procedure\)}{chapter.2}% 43
\BOOKMARK [2][-]{subsection.2.5.1}{解説}{section.2.5}% 44
\BOOKMARK [2][-]{subsection.2.5.2}{基本}{section.2.5}% 45
\BOOKMARK [2][-]{subsection.2.5.3}{戻り値}{section.2.5}% 46
\BOOKMARK [2][-]{subsection.2.5.4}{グローバル\(大域\)，ローカル\(局所\)変数}{section.2.5}% 47
\BOOKMARK [2][-]{subsection.2.5.5}{課題}{section.2.5}% 48
\BOOKMARK [2][-]{subsection.2.5.6}{解答例}{section.2.5}% 49
\BOOKMARK [0][-]{chapter.3}{その他\(Etcetra\)}{}% 50
\BOOKMARK [1][-]{section.3.1}{ファイルの入出力\(InputOutput\)}{chapter.3}% 51
\BOOKMARK [2][-]{subsection.3.1.1}{解説}{section.3.1}% 52
\BOOKMARK [2][-]{subsection.3.1.2}{ファイル名の取得}{section.3.1}% 53
\BOOKMARK [2][-]{subsection.3.1.3}{簡単なデータのやりとり}{section.3.1}% 54
\BOOKMARK [2][-]{subsection.3.1.4}{少し高度なデータのやりとり}{section.3.1}% 55
\BOOKMARK [2][-]{subsection.3.1.5}{animationの出力}{section.3.1}% 56
\BOOKMARK [2][-]{subsection.3.1.6}{Mapleのフィルターとしての利用法}{section.3.1}% 57
\BOOKMARK [1][-]{section.3.2}{for-loopの基本技\(for-loop2\)}{chapter.3}% 58
\BOOKMARK [2][-]{subsection.3.2.1}{解説}{section.3.2}% 59
\BOOKMARK [2][-]{subsection.3.2.2}{ランダムな配列の生成}{section.3.2}% 60
\BOOKMARK [2][-]{subsection.3.2.3}{要素数の取り出し}{section.3.2}% 61
\BOOKMARK [2][-]{subsection.3.2.4}{すべての要素の表示}{section.3.2}% 62
\BOOKMARK [2][-]{subsection.3.2.5}{和}{section.3.2}% 63
\BOOKMARK [2][-]{subsection.3.2.6}{値の代入}{section.3.2}% 64
\BOOKMARK [2][-]{subsection.3.2.7}{一桁の整数5個から5桁の整数を作る}{section.3.2}% 65
\BOOKMARK [2][-]{subsection.3.2.8}{255以下の10進数をランダムに生成して，8桁の2進数へ変換せよ．}{section.3.2}% 66
\BOOKMARK [2][-]{subsection.3.2.9}{小数点以下8桁のそれぞれの桁の数を配列に格納せよ}{section.3.2}% 67
\BOOKMARK [2][-]{subsection.3.2.10}{最大数}{section.3.2}% 68
\BOOKMARK [2][-]{subsection.3.2.11}{ある値の上下で分けた個数}{section.3.2}% 69
\BOOKMARK [2][-]{subsection.3.2.12}{素数かどうかの判定}{section.3.2}% 70
\BOOKMARK [2][-]{subsection.3.2.13}{2つの要素の入れ替え}{section.3.2}% 71
\BOOKMARK [2][-]{subsection.3.2.14}{コインの表向きの枚数}{section.3.2}% 72
\BOOKMARK [2][-]{subsection.3.2.15}{2次元配列}{section.3.2}% 73
